-------------------------------------------------------------------------------
Test set: uni.sw.unit.testing.mocking.UserTest
-------------------------------------------------------------------------------
Tests run: 3, Failures: 0, Errors: 0, Skipped: 0, Time elapsed: 1.108 s -- in uni.sw.unit.testing.mocking.UserTest
uni.sw.unit.testing.mocking.UserTest.mockTest -- Time elapsed: 1.069 s
uni.sw.unit.testing.mocking.UserTest.defaultConstructorTest -- Time elapsed: 0.004 s
uni.sw.unit.testing.mocking.UserTest.injecttest -- Time elapsed: 0.004 s
